2023-05-15 19:05:706 INFO  HomePage :74 - Mouse hover on “Desktops” Tab and click [[ChromeDriver: chrome on WINDOWS (5eebf52fe6f86e6d6ab046b4e96f6a7a)] -> link text: Desktops]
2023-05-15 19:05:263 INFO  HomePage :93 - Click on Show All Desktop tab [[ChromeDriver: chrome on WINDOWS (5eebf52fe6f86e6d6ab046b4e96f6a7a)] -> xpath: //a[normalize-space()='Show AllDesktops']]
2023-05-15 19:05:404 INFO  DesktopPage :45 - Click on sort by position [[ChromeDriver: chrome on WINDOWS (5eebf52fe6f86e6d6ab046b4e96f6a7a)] -> id: input-sort]
2023-05-15 19:05:927 INFO  DesktopPage :74 - Select option product sorted by Name (Z - A)from sort by options [[ChromeDriver: chrome on WINDOWS (5eebf52fe6f86e6d6ab046b4e96f6a7a)] -> id: input-sort]
2023-05-15 19:05:800 INFO  HomePage :74 - Mouse hover on “Desktops” Tab and click [[ChromeDriver: chrome on WINDOWS (f5609bfa7d0cf96825e222279a57433b)] -> link text: Desktops]
2023-05-15 19:05:325 INFO  HomePage :93 - Click on Show All Desktop tab [[ChromeDriver: chrome on WINDOWS (f5609bfa7d0cf96825e222279a57433b)] -> xpath: //a[normalize-space()='Show AllDesktops']]
2023-05-15 19:05:465 INFO  DesktopPage :45 - Click on sort by position [[ChromeDriver: chrome on WINDOWS (f5609bfa7d0cf96825e222279a57433b)] -> id: input-sort]
2023-05-15 19:05:984 INFO  DesktopPage :74 - Select option product sorted by Name (Z - A)from sort by options [[ChromeDriver: chrome on WINDOWS (f5609bfa7d0cf96825e222279a57433b)] -> id: input-sort]
2023-05-15 19:05:189 INFO  HomePage :74 - Mouse hover on “Desktops” Tab and click [[ChromeDriver: chrome on WINDOWS (8128696103bb0d57d13fc365d117a65b)] -> link text: Desktops]
2023-05-15 19:05:680 INFO  HomePage :93 - Click on Show All Desktop tab [[ChromeDriver: chrome on WINDOWS (8128696103bb0d57d13fc365d117a65b)] -> xpath: //a[normalize-space()='Show AllDesktops']]
2023-05-15 19:05:821 INFO  DesktopPage :45 - Click on sort by position [[ChromeDriver: chrome on WINDOWS (8128696103bb0d57d13fc365d117a65b)] -> id: input-sort]
2023-05-15 19:05:355 INFO  DesktopPage :74 - Select option product sorted by Name (Z - A)from sort by options [[ChromeDriver: chrome on WINDOWS (8128696103bb0d57d13fc365d117a65b)] -> id: input-sort]
2023-05-15 20:05:598 INFO  HomePage :74 - Mouse hover on “Desktops” Tab and click [[ChromeDriver: chrome on WINDOWS (24d4a25bdbb368f7216fc08a7afafb19)] -> link text: Desktops]
2023-05-15 20:05:119 INFO  HomePage :93 - Click on Show All Desktop tab [[ChromeDriver: chrome on WINDOWS (24d4a25bdbb368f7216fc08a7afafb19)] -> xpath: //a[normalize-space()='Show AllDesktops']]
2023-05-15 20:05:213 INFO  HomePage :105 - Clicking on Currency on top of page [[ChromeDriver: chrome on WINDOWS (24d4a25bdbb368f7216fc08a7afafb19)] -> xpath: //span[normalize-space()='Currency']]
2023-05-15 20:05:962 INFO  HomePage :113 - Select £Pound Sterling from currency drop down list [[[ChromeDriver: chrome on WINDOWS (24d4a25bdbb368f7216fc08a7afafb19)] -> xpath: //ul[@class = 'dropdown-menu']/li], [[ChromeDriver: chrome on WINDOWS (24d4a25bdbb368f7216fc08a7afafb19)] -> xpath: //ul[@class = 'dropdown-menu']/li], [[ChromeDriver: chrome on WINDOWS (24d4a25bdbb368f7216fc08a7afafb19)] -> xpath: //ul[@class = 'dropdown-menu']/li]]
2023-05-15 20:05:436 INFO  DesktopPage :74 - Select option product sorted by Name (A - Z)from sort by options [[ChromeDriver: chrome on WINDOWS (24d4a25bdbb368f7216fc08a7afafb19)] -> id: input-sort]
2023-05-15 20:05:798 INFO  DesktopPage :79 - Clicking on HP LP3065 [[ChromeDriver: chrome on WINDOWS (24d4a25bdbb368f7216fc08a7afafb19)] -> xpath: //a[contains(text(),'HP LP3065')]]
2023-05-15 20:05:820 INFO  ProductPage :52 - Verify the Text "HP LP3065" [[ChromeDriver: chrome on WINDOWS (24d4a25bdbb368f7216fc08a7afafb19)] -> xpath: //a[contains(text(),'HP LP3065')]]
2023-05-15 20:05:909 INFO  ProductPage :58 - Select 2022November30 to date field [[ChromeDriver: chrome on WINDOWS (24d4a25bdbb368f7216fc08a7afafb19)] -> xpath: //div[@class = 'input-group date']//button]
2023-05-15 20:05:471 INFO  ProductPage :82 - Enter Qty 1 to quantity field [[ChromeDriver: chrome on WINDOWS (24d4a25bdbb368f7216fc08a7afafb19)] -> xpath: //input[@id='input-quantity']]
2023-05-15 20:05:143 INFO  ProductPage :87 - Clicking on Login Button [[ChromeDriver: chrome on WINDOWS (24d4a25bdbb368f7216fc08a7afafb19)] -> xpath: //button[@id='button-cart']]
2023-05-15 20:05:669 INFO  ProductPage :91 - Verify the Message “Success: You have added HP LP3065 to your shopping cart!” [[ChromeDriver: chrome on WINDOWS (24d4a25bdbb368f7216fc08a7afafb19)] -> xpath: //div[@class='alert alert-success alert-dismissible']]
2023-05-15 20:05:734 INFO  ProductPage :97 - Click on link “shopping cart” display into success message [[ChromeDriver: chrome on WINDOWS (24d4a25bdbb368f7216fc08a7afafb19)] -> xpath: //a[contains(text(),'shopping cart')]]
2023-05-15 20:05:754 INFO  ShoppingCartPage :47 -  Verify the text Shopping Cart [[ChromeDriver: chrome on WINDOWS (24d4a25bdbb368f7216fc08a7afafb19)] -> xpath: //div[@id='content']//h1]
2023-05-15 20:05:785 INFO  ShoppingCartPage :52 - Verify the Product name HP LP3065 [[ChromeDriver: chrome on WINDOWS (24d4a25bdbb368f7216fc08a7afafb19)] -> xpath: //div[@class = 'table-responsive']/table/tbody/tr/td[2]/a]
2023-05-15 20:05:809 INFO  ShoppingCartPage :57 - Verify the Delivery Date 2022-11-30 [[ChromeDriver: chrome on WINDOWS (24d4a25bdbb368f7216fc08a7afafb19)] -> xpath: //div[@class = 'table-responsive']/table/tbody/tr/td[2]/small[1]]
2023-05-15 20:05:845 INFO  ShoppingCartPage :62 - Verify the Model Product21 [[ChromeDriver: chrome on WINDOWS (24d4a25bdbb368f7216fc08a7afafb19)] -> xpath: //div[@class = 'table-responsive']/table/tbody/tr/td[3]]
2023-05-15 20:05:861 INFO  ShoppingCartPage :67 - Verify the Total £74.73 [[ChromeDriver: chrome on WINDOWS (24d4a25bdbb368f7216fc08a7afafb19)] -> xpath: //div[@class = 'table-responsive']/table/tbody/tr/td[6]]
2023-05-15 20:05:868 INFO  HomePage :80 - Mouse hover on “Laptops & Notebooks” Tab and click [[ChromeDriver: chrome on WINDOWS (1c9e6f59a0c03904e8d8558b51537ccc)] -> link text: Laptops & Notebooks]
2023-05-15 20:05:344 INFO  HomePage :99 - Click on Show All LaptopAndNotebook Tab [[ChromeDriver: chrome on WINDOWS (1c9e6f59a0c03904e8d8558b51537ccc)] -> xpath: //a[normalize-space()='Show AllLaptops & Notebooks']]
2023-05-15 20:05:429 INFO  HomePage :105 - Clicking on Currency on top of page [[ChromeDriver: chrome on WINDOWS (1c9e6f59a0c03904e8d8558b51537ccc)] -> xpath: //span[normalize-space()='Currency']]
2023-05-15 20:05:194 INFO  HomePage :113 - Select £Pound Sterling from currency drop down list [[[ChromeDriver: chrome on WINDOWS (1c9e6f59a0c03904e8d8558b51537ccc)] -> xpath: //ul[@class = 'dropdown-menu']/li], [[ChromeDriver: chrome on WINDOWS (1c9e6f59a0c03904e8d8558b51537ccc)] -> xpath: //ul[@class = 'dropdown-menu']/li], [[ChromeDriver: chrome on WINDOWS (1c9e6f59a0c03904e8d8558b51537ccc)] -> xpath: //ul[@class = 'dropdown-menu']/li]]
2023-05-15 20:05:673 INFO  DesktopPage :74 - Select option product sorted by Price (High > Low)from sort by options [[ChromeDriver: chrome on WINDOWS (1c9e6f59a0c03904e8d8558b51537ccc)] -> id: input-sort]
2023-05-15 20:05:978 INFO  LaptopAndNotebookPage :80 - Select Macbook[[ChromeDriver: chrome on WINDOWS (1c9e6f59a0c03904e8d8558b51537ccc)] -> link text: MacBook]
2023-05-15 20:05:994 INFO  ProductPage :101 - Verify text MacBook [[ChromeDriver: chrome on WINDOWS (1c9e6f59a0c03904e8d8558b51537ccc)] -> xpath: //h1[contains(text(),'MacBook')]]
2023-05-15 20:05:693 INFO  ProductPage :87 - Clicking on Login Button [[ChromeDriver: chrome on WINDOWS (1c9e6f59a0c03904e8d8558b51537ccc)] -> xpath: //button[@id='button-cart']]
2023-05-15 20:05:236 INFO  ProductPage :91 - Verify the Message “Success: You have added HP LP3065 to your shopping cart!” [[ChromeDriver: chrome on WINDOWS (1c9e6f59a0c03904e8d8558b51537ccc)] -> xpath: //div[@class='alert alert-success alert-dismissible']]
2023-05-15 20:05:283 INFO  ProductPage :97 - Click on link “shopping cart” display into success message [[ChromeDriver: chrome on WINDOWS (1c9e6f59a0c03904e8d8558b51537ccc)] -> xpath: //a[contains(text(),'shopping cart')]]
2023-05-15 20:05:301 INFO  ShoppingCartPage :47 -  Verify the text Shopping Cart [[ChromeDriver: chrome on WINDOWS (1c9e6f59a0c03904e8d8558b51537ccc)] -> xpath: //div[@id='content']//h1]
2023-05-15 20:05:329 INFO  ShoppingCartPage :52 - Verify the Product name HP LP3065 [[ChromeDriver: chrome on WINDOWS (1c9e6f59a0c03904e8d8558b51537ccc)] -> xpath: //div[@class = 'table-responsive']/table/tbody/tr/td[2]/a]
2023-05-15 20:05:438 INFO  ShoppingCartPage :74 - Change Quantity 2 to quantity field [[ChromeDriver: chrome on WINDOWS (1c9e6f59a0c03904e8d8558b51537ccc)] -> xpath: //div[@class='input-group btn-block']/input[@type='text']]
2023-05-15 20:05:123 INFO  ShoppingCartPage :79 -  Click on “Update” Tab [[ChromeDriver: chrome on WINDOWS (1c9e6f59a0c03904e8d8558b51537ccc)] -> xpath: //i[@class = 'fa fa-refresh']]
2023-05-15 20:05:133 INFO  ShoppingCartPage :83 - Getting welcome back text [[ChromeDriver: chrome on WINDOWS (1c9e6f59a0c03904e8d8558b51537ccc)] -> xpath: //div[@id='checkout-cart']/div[1]]
2023-05-15 20:05:164 INFO  ShoppingCartPage :67 - Verify the Total £74.73 [[ChromeDriver: chrome on WINDOWS (1c9e6f59a0c03904e8d8558b51537ccc)] -> xpath: //div[@class = 'table-responsive']/table/tbody/tr/td[6]]
2023-05-15 20:05:583 INFO  ShoppingCartPage :89 - Click on “Checkout” button [[ChromeDriver: chrome on WINDOWS (1c9e6f59a0c03904e8d8558b51537ccc)] -> css selector: a.btn.btn-primary]
2023-05-15 20:05:604 INFO  CheckoutPage :76 - Verify the text “Checkout” [[ChromeDriver: chrome on WINDOWS (1c9e6f59a0c03904e8d8558b51537ccc)] -> xpath: //div[@id='content']/h1]
2023-05-15 20:05:152 INFO  CheckoutPage :82 - Verify the Text “New Customer” [[ChromeDriver: chrome on WINDOWS (1c9e6f59a0c03904e8d8558b51537ccc)] -> xpath: //h2[contains(text(),'New Customer')]]
2023-05-15 20:05:719 INFO  CheckoutPage :89 - Click on “Guest Checkout” radio button [[ChromeDriver: chrome on WINDOWS (1c9e6f59a0c03904e8d8558b51537ccc)] -> xpath: //input[@value='guest']]
2023-05-15 20:05:769 INFO  CheckoutPage :95 - Click on “Continue” tab [[ChromeDriver: chrome on WINDOWS (1c9e6f59a0c03904e8d8558b51537ccc)] -> xpath: //input[@id='button-account']]
2023-05-15 20:05:195 INFO  CheckoutPage :101 - Enter firstname Sita to firstname field [[ChromeDriver: chrome on WINDOWS (1c9e6f59a0c03904e8d8558b51537ccc)] -> id: input-payment-firstname]
2023-05-15 20:05:263 INFO  CheckoutPage :107 - Enter lastname Ram to lastname field [[ChromeDriver: chrome on WINDOWS (1c9e6f59a0c03904e8d8558b51537ccc)] -> id: input-payment-lastname]
2023-05-15 20:05:430 INFO  CheckoutPage :113 - Enter email sitaram_123@gmail.com to email field [[ChromeDriver: chrome on WINDOWS (1c9e6f59a0c03904e8d8558b51537ccc)] -> id: input-payment-email]
2023-05-15 20:05:496 INFO  CheckoutPage :119 - Enter phoneNumber 07345364657 to phoneNumber field [[ChromeDriver: chrome on WINDOWS (1c9e6f59a0c03904e8d8558b51537ccc)] -> id: input-payment-telephone]
2023-05-15 20:05:580 INFO  CheckoutPage :125 - Enter address Line 1 111,Moores Mension to address field [[ChromeDriver: chrome on WINDOWS (1c9e6f59a0c03904e8d8558b51537ccc)] -> id: input-payment-address-1]
2023-05-15 20:05:645 INFO  CheckoutPage :131 - Enter city London to city field [[ChromeDriver: chrome on WINDOWS (1c9e6f59a0c03904e8d8558b51537ccc)] -> id: input-payment-city]
2023-05-15 20:05:701 INFO  CheckoutPage :137 - Enter postcode W2 4TJ to postcode field [[ChromeDriver: chrome on WINDOWS (1c9e6f59a0c03904e8d8558b51537ccc)] -> id: input-payment-postcode]
2023-05-15 20:05:750 INFO  CheckoutPage :143 - Select country United Kingdom to country field [[ChromeDriver: chrome on WINDOWS (1c9e6f59a0c03904e8d8558b51537ccc)] -> id: input-payment-country]
2023-05-15 20:05:930 INFO  HomePage :128 - Select Login from myAccount drop down list [[[ChromeDriver: chrome on WINDOWS (049dc3cefcd9f0a392fd58b56e901b7b)] -> xpath: //ul[@class='dropdown-menu dropdown-menu-right']/li], [[ChromeDriver: chrome on WINDOWS (049dc3cefcd9f0a392fd58b56e901b7b)] -> xpath: //ul[@class='dropdown-menu dropdown-menu-right']/li]]
2023-05-15 20:05:119 INFO  LoginPage :43 - Enter email iampatel@gmail.comto email field [[ChromeDriver: chrome on WINDOWS (049dc3cefcd9f0a392fd58b56e901b7b)] -> id: input-email]
2023-05-15 20:05:207 INFO  LoginPage :49 - Enter password HelloNum1to password field [[ChromeDriver: chrome on WINDOWS (049dc3cefcd9f0a392fd58b56e901b7b)] -> id: input-password]
2023-05-15 20:05:934 INFO  LoginPage :55 - Clicking on Login Button [[ChromeDriver: chrome on WINDOWS (049dc3cefcd9f0a392fd58b56e901b7b)] -> xpath: //input[@value='Login']]
2023-05-15 20:05:961 INFO  LoginPage :60 - Verify text “My Account” [[ChromeDriver: chrome on WINDOWS (049dc3cefcd9f0a392fd58b56e901b7b)] -> xpath: //h2[text()='My Account']]
2023-05-15 20:05:789 INFO  HomePage :128 - Select Logout from myAccount drop down list [[[ChromeDriver: chrome on WINDOWS (049dc3cefcd9f0a392fd58b56e901b7b)] -> xpath: //ul[@class='dropdown-menu dropdown-menu-right']/li], [[ChromeDriver: chrome on WINDOWS (049dc3cefcd9f0a392fd58b56e901b7b)] -> xpath: //ul[@class='dropdown-menu dropdown-menu-right']/li], [[ChromeDriver: chrome on WINDOWS (049dc3cefcd9f0a392fd58b56e901b7b)] -> xpath: //ul[@class='dropdown-menu dropdown-menu-right']/li], [[ChromeDriver: chrome on WINDOWS (049dc3cefcd9f0a392fd58b56e901b7b)] -> xpath: //ul[@class='dropdown-menu dropdown-menu-right']/li], [[ChromeDriver: chrome on WINDOWS (049dc3cefcd9f0a392fd58b56e901b7b)] -> xpath: //ul[@class='dropdown-menu dropdown-menu-right']/li]]
2023-05-15 20:05:811 INFO  LogoutPage :27 - Verify text "Account Logout" [[ChromeDriver: chrome on WINDOWS (049dc3cefcd9f0a392fd58b56e901b7b)] -> xpath: //h1[text()='Account Logout']]
2023-05-15 20:05:252 INFO  LogoutPage :33 - Clicking on Continue Button [[ChromeDriver: chrome on WINDOWS (049dc3cefcd9f0a392fd58b56e901b7b)] -> xpath: //a[contains(text(),'Continue')]]
2023-05-15 20:05:475 INFO  HomePage :128 - Select Register from myAccount drop down list [[[ChromeDriver: chrome on WINDOWS (90ff90df5a6db2f0776fd26ffdaf8dc3)] -> xpath: //ul[@class='dropdown-menu dropdown-menu-right']/li], [[ChromeDriver: chrome on WINDOWS (90ff90df5a6db2f0776fd26ffdaf8dc3)] -> xpath: //ul[@class='dropdown-menu dropdown-menu-right']/li]]
2023-05-15 20:05:563 INFO  RegisterPage :64 - Enter Firstname Donna to Firstname field [[ChromeDriver: chrome on WINDOWS (90ff90df5a6db2f0776fd26ffdaf8dc3)] -> id: input-firstname]
2023-05-15 20:05:651 INFO  RegisterPage :69 - Enter Lastname Smith to Lastname field [[ChromeDriver: chrome on WINDOWS (90ff90df5a6db2f0776fd26ffdaf8dc3)] -> id: input-lastname]
2023-05-15 20:05:781 INFO  RegisterPage :74 - Enter email smith47eP@gmail.com to email field [[ChromeDriver: chrome on WINDOWS (90ff90df5a6db2f0776fd26ffdaf8dc3)] -> id: input-email]
2023-05-15 20:05:886 INFO  RegisterPage :79 - Enter Telephone 07465454645 to Telephone field [[ChromeDriver: chrome on WINDOWS (90ff90df5a6db2f0776fd26ffdaf8dc3)] -> id: input-telephone]
2023-05-15 20:05:969 INFO  RegisterPage :84 - Enter Password donna_smith123 to Password field [[ChromeDriver: chrome on WINDOWS (90ff90df5a6db2f0776fd26ffdaf8dc3)] -> id: input-password]
2023-05-15 20:05:50 INFO  RegisterPage :89 - Enter ConfirmPassword donna_smith123 to ConfirmPassword field [[ChromeDriver: chrome on WINDOWS (90ff90df5a6db2f0776fd26ffdaf8dc3)] -> id: input-confirm]
2023-05-15 20:05:80 INFO  RegisterPage :101 - Select Subscribe Yes radio button [[[ChromeDriver: chrome on WINDOWS (90ff90df5a6db2f0776fd26ffdaf8dc3)] -> xpath: //fieldset[3]//input], [[ChromeDriver: chrome on WINDOWS (90ff90df5a6db2f0776fd26ffdaf8dc3)] -> xpath: //fieldset[3]//input]]
2023-05-15 20:05:130 INFO  RegisterPage :106 - Click on Privacy Policy check box [[ChromeDriver: chrome on WINDOWS (90ff90df5a6db2f0776fd26ffdaf8dc3)] -> xpath: //input[@name='agree']]
2023-05-15 20:05:945 INFO  RegisterPage :111 - Clicking on Continue Button [[ChromeDriver: chrome on WINDOWS (90ff90df5a6db2f0776fd26ffdaf8dc3)] -> xpath: //input[@type='submit']]
2023-05-15 20:05:965 INFO  RegisterPage :115 - Verify the message “Your Account Has Been Created!” [[ChromeDriver: chrome on WINDOWS (90ff90df5a6db2f0776fd26ffdaf8dc3)] -> xpath: //h1[text()='Your Account Has Been Created!']]
2023-05-15 20:05:403 INFO  RegisterPage :121 - Clicking on Continue Button [[ChromeDriver: chrome on WINDOWS (90ff90df5a6db2f0776fd26ffdaf8dc3)] -> xpath: //a[text()='Continue']]
2023-05-15 20:05:174 INFO  HomePage :128 - Select Logout from myAccount drop down list [[[ChromeDriver: chrome on WINDOWS (90ff90df5a6db2f0776fd26ffdaf8dc3)] -> xpath: //ul[@class='dropdown-menu dropdown-menu-right']/li], [[ChromeDriver: chrome on WINDOWS (90ff90df5a6db2f0776fd26ffdaf8dc3)] -> xpath: //ul[@class='dropdown-menu dropdown-menu-right']/li], [[ChromeDriver: chrome on WINDOWS (90ff90df5a6db2f0776fd26ffdaf8dc3)] -> xpath: //ul[@class='dropdown-menu dropdown-menu-right']/li], [[ChromeDriver: chrome on WINDOWS (90ff90df5a6db2f0776fd26ffdaf8dc3)] -> xpath: //ul[@class='dropdown-menu dropdown-menu-right']/li], [[ChromeDriver: chrome on WINDOWS (90ff90df5a6db2f0776fd26ffdaf8dc3)] -> xpath: //ul[@class='dropdown-menu dropdown-menu-right']/li]]
2023-05-15 20:05:194 INFO  LogoutPage :27 - Verify text "Account Logout" [[ChromeDriver: chrome on WINDOWS (90ff90df5a6db2f0776fd26ffdaf8dc3)] -> xpath: //h1[text()='Account Logout']]
2023-05-15 20:05:637 INFO  LogoutPage :33 - Clicking on Continue Button [[ChromeDriver: chrome on WINDOWS (90ff90df5a6db2f0776fd26ffdaf8dc3)] -> xpath: //a[contains(text(),'Continue')]]
2023-05-15 20:05:156 INFO  HomePage :80 - Mouse hover on “Laptops & Notebooks” Tab and click [[ChromeDriver: chrome on WINDOWS (be6cfe96b2e54d11ca8dd28ad678745c)] -> link text: Laptops & Notebooks]
2023-05-15 20:05:214 INFO  HomePage :68 - Click Show All Laptops & Notebooks from homepage Top menu  []
2023-05-15 20:05:245 INFO  LaptopAndNotebookPage :39 - Verify the text ‘Laptops & Notebooks’ [[ChromeDriver: chrome on WINDOWS (be6cfe96b2e54d11ca8dd28ad678745c)] -> xpath: //h2[contains(text(),'Laptops & Notebooks')]]
